JvmtiExport can_access_local_variables 0
JvmtiExport can_hotswap_or_post_breakpoint 0
JvmtiExport can_post_on_exceptions 0
# 135 ciObject found
ciMethodData java/nio/charset/CoderResult unmappableForLength (I)Ljava/nio/charset/CoderResult; 1 10 orig 264 88 115 155 81 0 0 0 0 56 174 105 25 0 0 0 0 88 1 0 0 0 0 0 0 0 0 0 0 0 0 0 0 0 0 0 0 0 0 0 0 0 0 0 0 0 0 0 0 0 0 0 0 0 0 0 0 0 0 0 0 0 0 0 0 0 0 0 0 0 0 0 0 0 0 0 0 0 0 0 0 77 68 79 32 101 120 116 114 97 32 100 97 116 97 32 108 111 99 107 0 0 0 0 0 0 0 0 0 0 0 0 0 0 0 0 0 0 0 0 0 0 0 0 0 0 0 0 0 0 0 0 0 0 0 0 0 0 0 0 0 0 0 0 0 0 0 0 0 0 0 0 0 0 0 0 0 0 0 0 0 0 0 0 0 0 0 0 0 0 0 0 0 0 0 0 0 0 0 0 0 0 0 0 0 0 0 0 0 0 0 0 0 0 0 0 0 0 0 0 0 0 0 0 0 0 0 0 0 0 0 0 0 0 0 0 0 10 0 0 0 1 0 0 0 1 0 0 0 0 0 0 0 0 0 0 0 2 0 0 0 0 0 0 0 0 0 0 0 16 0 0 0 255 255 255 255 2 0 4 0 0 0 0 0 data 2 0x40002 0x0 oops 0
ciMethodData org/apache/tomcat/util/buf/Utf8Decoder decodeHasArray (Ljava/nio/ByteBuffer;Ljava/nio/CharBuffer;)Ljava/nio/charset/CoderResult; 2 49414 orig 264 88 115 155 81 0 0 0 0 128 105 152 34 0 0 0 0 56 21 0 0 96 19 0 0 0 0 0 0 0 0 0 0 0 0 0 0 0 0 0 0 0 0 0 0 0 0 0 0 0 0 0 0 0 0 0 0 0 0 0 0 0 0 0 0 0 0 0 0 0 0 0 0 0 0 0 0 0 0 0 0 77 68 79 32 101 120 116 114 97 32 100 97 116 97 32 108 111 99 107 0 0 0 0 0 0 0 0 0 0 0 0 0 0 0 0 0 0 0 0 0 0 0 0 0 0 0 0 0 0 0 0 0 0 0 0 0 0 0 0 0 0 0 0 0 1 0 0 0 0 0 0 0 0 0 0 0 0 0 0 0 0 0 0 0 0 0 0 0 0 0 0 0 0 0 0 0 0 0 0 4 0 0 0 0 0 0 0 0 0 0 0 0 0 0 0 0 0 0 0 0 0 0 0 0 0 0 0 0 0 0 0 0 0 0 0 0 36 28 0 0 81 29 0 0 17 39 5 0 145 3 0 0 125 160 0 0 2 0 0 0 2 0 27 1 2 0 0 0 184 19 0 0 255 255 255 255 5 0 1 0 0 0 0 0 data 631 0x10005 0x1a 0x2060c480 0x390 0x0 0x0 0x60005 0x1a 0x2060c530 0x390 0x0 0x0 0xc0005 0x1a 0x2060c530 0x390 0x0 0x0 0x120005 0x1a 0x2060c530 0x390 0x0 0x0 0x180005 0x1a 0x2060c480 0x390 0x0 0x0 0x200005 0x1a 0x2060c530 0x390 0x0 0x0 0x290005 0x1a 0x2060c530 0x390 0x0 0x0 0x300005 0x1a 0x2060c480 0x390 0x0 0x0 0x340005 0x1a 0x2060c480 0x390 0x0 0x0 0x3e0007 0x3aa 0x10f0 0xa4e1 0x420007 0x0 0x10d0 0xa4e2 0x4e0007 0xa4e2 0xf00 0x0 0x630007 0x0 0xf0 0x0 0x6a0005 0x0 0x0 0x0 0x0 0x0 0x6e0005 0x0 0x0 0x0 0x0 0x0 0x760005 0x0 0x0 0x0 0x0 0x0 0x7a0005 0x0 0x0 0x0 0x0 0x0 0x7f0002 0x0 0x8e0007 0x0 0x940 0x0 0x950007 0x0 0x130 0x0 0x9c0007 0x0 0x110 0x0 0xad0007 0x0 0xf0 0x0 0xb40005 0x0 0x0 0x0 0x0 0x0 0xb80005 0x0 0x0 0x0 0x0 0x0 0xc00005 0x0 0x0 0x0 0x0 0x0 0xc40005 0x0 0x0 0x0 0x0 0x0 0xc90002 0x0 0xd10007 0x0 0x110 0x0 0xe20007 0x0 0xf0 0x0 0xe90005 0x0 0x0 0x0 0x0 0x0 0xed0005 0x0 0x0 0x0 0x0 0x0 0xf50005 0x0 0x0 0x0 0x0 0x0 0xf90005 0x0 0x0 0x0 0x0 0x0 0xfe0002 0x0 0x1060007 0x0 0x130 0x0 0x10d0007 0x0 0x110 0x0 0x11e0007 0x0 0xf0 0x0 0x1250005 0x0 0x0 0x0 0x0 0x0 0x1290005 0x0 0x0 0x0 0x0 0x0 0x1310005 0x0 0x0 0x0 0x0 0x0 0x1350005 0x0 0x0 0x0 0x0 0x0 0x13a0002 0x0 0x1420007 0x0 0x110 0x0 0x1530007 0x0 0xf0 0x0 0x15a0005 0x0 0x0 0x0 0x0 0x0 0x15e0005 0x0 0x0 0x0 0x0 0x0 0x1660005 0x0 0x0 0x0 0x0 0x0 0x16a0005 0x0 0x0 0x0 0x0 0x0 0x16f0002 0x0 0x1770007 0x0 0x130 0x0 0x17e0007 0x0 0x110 0x0 0x18f0007 0x0 0xf0 0x0 0x1960005 0x0 0x0 0x0 0x0 0x0 0x19a0005 0x0 0x0 0x0 0x0 0x0 0x1a20005 0x0 0x0 0x0 0x0 0x0 0x1a60005 0x0 0x0 0x0 0x0 0x0 0x1ab0002 0x0 0x1b30007 0x0 0x130 0x0 0x1c40007 0x0 0x40 0x0 0x1d50007 0x0 0xf0 0x0 0x1dc0005 0x0 0x0 0x0 0x0 0x0 0x1e00005 0x0 0x0 0x0 0x0 0x0 0x1e80005 0x0 0x0 0x0 0x0 0x0 0x1ec0005 0x0 0x0 0x0 0x0 0x0 0x1f10002 0x0 0x1f90007 0x0 0x130 0x0 0x2000007 0x0 0x110 0x0 0x2110007 0x0 0xf0 0x0 0x2180005 0x0 0x0 0x0 0x0 0x0 0x21c0005 0x0 0x0 0x0 0x0 0x0 0x2240005 0x0 0x0 0x0 0x0 0x0 0x2280005 0x0 0x0 0x0 0x0 0x0 0x22d0002 0x0 0x2350007 0x0 0x110 0x0 0x2460007 0x0 0xf0 0x0 0x24d0005 0x0 0x0 0x0 0x0 0x0 0x2510005 0x0 0x0 0x0 0x0 0x0 0x2590005 0x0 0x0 0x0 0x0 0x0 0x25d0005 0x0 0x0 0x0 0x0 0x0 0x2620002 0x0 0x2690007 0x0 0x130 0x0 0x26f0007 0x0 0x110 0x0 0x2800007 0x0 0xf0 0x0 0x2870005 0x0 0x0 0x0 0x0 0x0 0x28b0005 0x0 0x0 0x0 0x0 0x0 0x2930005 0x0 0x0 0x0 0x0 0x0 0x2970005 0x0 0x0 0x0 0x0 0x0 0x29c0002 0x0 0x2a30007 0x0 0x130 0x0 0x2a90007 0x0 0x110 0x0 0x2ba0007 0x0 0xf0 0x0 0x2c10005 0x0 0x0 0x0 0x0 0x0 0x2c50005 0x0 0x0 0x0 0x0 0x0 0x2cd0005 0x0 0x0 0x0 0x0 0x0 0x2d10005 0x0 0x0 0x0 0x0 0x0 0x2d60002 0x0 0x2de0007 0x0 0x38 0x0 0x2e10003 0x0 0x3e0 0x2eb0007 0x0 0x128 0x0 0x3070007 0x0 0xf0 0x0 0x30e0005 0x0 0x0 0x0 0x0 0x0 0x3120005 0x0 0x0 0x0 0x0 0x0 0x31a0005 0x0 0x0 0x0 0x0 0x0 0x31e0005 0x0 0x0 0x0 0x0 0x0 0x3260002 0x0 0x3370003 0x0 0xfffffffffffffef0 0x34d0007 0x0 0xf0 0x0 0x3540005 0x0 0x0 0x0 0x0 0x0 0x3580005 0x0 0x0 0x0 0x0 0x0 0x3600005 0x0 0x0 0x0 0x0 0x0 0x3640005 0x0 0x0 0x0 0x0 0x0 0x3690002 0x0 0x3780007 0xa4e2 0x50 0x0 0x37f0007 0x0 0x30 0x0 0x3830002 0x0 0x38b0007 0xa4e2 0x30 0x0 0x38f0002 0x0 0x3970007 0x0 0x38 0xa4e2 0x3a80003 0xa4e2 0xf8 0x3ad0007 0x0 0xe0 0x0 0x3b70005 0x0 0x0 0x0 0x0 0x0 0x3bb0005 0x0 0x0 0x0 0x0 0x0 0x3c30005 0x0 0x0 0x0 0x0 0x0 0x3c70005 0x0 0x0 0x0 0x0 0x0 0x3f80003 0xa4e2 0xffffffffffffef28 0x3ff0005 0x1a 0x2060c530 0x390 0x0 0x0 0x4030005 0x1a 0x2060c530 0x390 0x0 0x0 0x40b0005 0x1a 0x2060c480 0x390 0x0 0x0 0x40f0005 0x1a 0x2060c480 0x390 0x0 0x0 0x414e007 0x396 0x58 0x18 0x41b0007 0x18 0x38 0x0 0x4210003 0x0 0x18 oops 13 2 java/nio/HeapCharBuffer 8 java/nio/HeapByteBuffer 14 java/nio/HeapByteBuffer 20 java/nio/HeapByteBuffer 26 java/nio/HeapCharBuffer 32 java/nio/HeapByteBuffer 38 java/nio/HeapByteBuffer 44 java/nio/HeapCharBuffer 50 java/nio/HeapCharBuffer 598 java/nio/HeapByteBuffer 604 java/nio/HeapByteBuffer 610 java/nio/HeapCharBuffer 616 java/nio/HeapCharBuffer
ciMethod java/nio/Buffer position ()I 1041 1 130 0 -1
ciMethod java/nio/Buffer position (I)Ljava/nio/Buffer; 785 1 8072 0 -1
ciMethod java/nio/Buffer limit ()I 1081 1 135 0 -1
ciMethod java/nio/Buffer remaining ()I 2281 1 124060 0 -1
ciMethod java/nio/ByteBuffer array ()[B 2777 1 28219 0 -1
ciMethod java/nio/ByteBuffer arrayOffset ()I 2353 1 10540 0 -1
ciMethod java/nio/CharBuffer array ()[C 4097 1 16866 0 -1
ciMethod java/nio/CharBuffer arrayOffset ()I 2089 1 13302 0 -1
ciMethod java/nio/charset/CoderResult malformedForLength (I)Ljava/nio/charset/CoderResult; 0 0 1 0 -1
ciMethod java/nio/charset/CoderResult unmappableForLength (I)Ljava/nio/charset/CoderResult; 81 1 10 0 -1
ciMethod java/nio/charset/CoderResult$Cache get (I)Ljava/nio/charset/CoderResult; 0 0 10 0 -1
ciMethod java/nio/charset/CoderResult$Cache access$200 (Ljava/nio/charset/CoderResult$Cache;I)Ljava/nio/charset/CoderResult; 0 0 10 0 -1
ciMethodData java/nio/Buffer position (I)Ljava/nio/Buffer; 2 8072 orig 264 88 115 155 81 0 0 0 0 16 81 90 25 0 0 0 0 152 1 0 0 64 0 0 0 0 0 0 0 0 0 0 0 0 0 0 0 0 0 0 0 0 0 0 0 0 0 0 0 0 0 0 0 0 0 0 0 0 0 0 0 0 0 0 0 0 0 0 0 0 0 0 0 0 0 0 0 0 0 0 0 77 68 79 32 101 120 116 114 97 32 100 97 116 97 32 108 111 99 107 0 0 0 0 0 0 0 0 0 0 0 0 0 0 0 0 0 0 0 0 0 0 0 0 0 0 0 0 0 0 0 0 0 0 0 0 0 0 0 0 0 0 0 0 0 0 0 0 0 0 0 0 0 0 0 0 0 0 0 0 0 0 0 0 0 0 0 0 0 0 0 0 0 0 0 0 0 0 0 0 0 0 0 0 0 27 0 0 0 0 0 0 0 0 0 0 0 0 0 0 0 1 0 0 0 0 0 0 0 1 0 0 0 0 0 0 0 98 0 0 0 49 249 0 0 1 0 0 0 0 0 0 0 0 0 0 0 2 0 0 0 0 0 11 0 2 0 0 0 112 0 0 0 255 255 255 255 7 0 5 0 0 0 0 0 data 14 0x50007 0x0 0x40 0x1f26 0x90007 0x1f26 0x30 0x0 0x100002 0x0 0x210007 0x1f26 0x20 0x0 oops 0
ciMethod java/lang/UnsupportedOperationException <init> ()V 0 0 1 0 -1
ciMethodData java/nio/ByteBuffer arrayOffset ()I 2 10540 orig 264 88 115 155 81 0 0 0 0 240 137 101 25 0 0 0 0 128 1 0 0 32 0 0 0 0 0 0 0 0 0 0 0 0 0 0 0 0 0 0 0 0 0 0 0 0 0 0 0 0 0 0 0 0 0 0 0 0 0 0 0 0 0 0 0 0 0 0 0 0 0 0 0 0 0 0 0 0 0 0 0 77 68 79 32 101 120 116 114 97 32 100 97 116 97 32 108 111 99 107 0 0 0 0 0 0 0 0 0 0 0 0 0 0 0 0 0 0 0 0 0 0 0 0 0 0 0 0 0 0 0 0 0 0 0 0 0 0 0 0 0 0 0 0 0 0 0 0 0 0 0 0 0 0 0 0 0 0 0 0 0 0 0 0 0 0 0 0 0 0 0 0 0 0 0 0 0 0 0 0 0 0 0 0 0 0 0 0 0 0 0 0 0 0 0 0 0 0 0 0 0 0 0 0 0 0 0 0 0 0 0 0 0 0 0 0 0 38 1 0 0 49 64 1 0 1 0 0 0 0 0 0 0 0 0 0 0 2 0 0 0 0 0 7 0 2 0 0 0 96 0 0 0 255 255 255 255 7 0 4 0 0 0 0 0 data 12 0x40007 0x2806 0x30 0x0 0xb0002 0x0 0x130007 0x2806 0x30 0x0 0x1a0002 0x0 oops 0
ciMethod org/apache/tomcat/util/buf/Utf8Decoder decodeHasArray (Ljava/nio/ByteBuffer;Ljava/nio/CharBuffer;)Ljava/nio/charset/CoderResult; 1329 57633 1104 0 -1
ciMethodData java/nio/CharBuffer arrayOffset ()I 2 13302 orig 264 88 115 155 81 0 0 0 0 64 112 105 25 0 0 0 0 128 1 0 0 32 0 0 0 0 0 0 0 0 0 0 0 0 0 0 0 0 0 0 0 0 0 0 0 0 0 0 0 0 0 0 0 0 0 0 0 0 0 0 0 0 0 0 0 0 0 0 0 0 0 0 0 0 0 0 0 0 0 0 0 77 68 79 32 101 120 116 114 97 32 100 97 116 97 32 108 111 99 107 0 0 0 0 0 0 0 0 0 0 0 0 0 0 0 0 0 0 0 0 0 0 0 0 0 0 0 0 0 0 0 0 0 0 0 0 0 0 0 0 0 0 0 0 0 0 0 0 0 0 0 0 0 0 0 0 0 0 0 0 0 0 0 0 0 0 0 0 0 0 0 0 0 0 0 0 0 0 0 0 0 0 0 0 0 0 0 0 0 0 0 0 0 0 0 0 0 0 0 0 0 0 0 0 0 0 0 0 0 0 0 0 0 0 0 0 0 5 1 0 0 137 151 1 0 1 0 0 0 0 0 0 0 0 0 0 0 2 0 0 0 0 0 7 0 2 0 0 0 96 0 0 0 255 255 255 255 7 0 4 0 0 0 0 0 data 12 0x40007 0x32f1 0x30 0x0 0xb0002 0x0 0x130007 0x32f1 0x30 0x0 0x1a0002 0x0 oops 0
ciMethodData java/nio/Buffer remaining ()I 2 124060 orig 264 88 115 155 81 0 0 0 0 72 86 90 25 0 0 0 0 32 1 0 0 0 0 0 0 0 0 0 0 0 0 0 0 0 0 0 0 0 0 0 0 0 0 0 0 0 0 0 0 0 0 0 0 0 0 0 0 0 0 0 0 0 0 0 0 0 0 0 0 0 0 0 0 0 0 0 0 0 0 0 0 77 68 79 32 101 120 116 114 97 32 100 97 116 97 32 108 111 99 107 0 0 0 0 0 0 0 0 0 0 0 0 0 0 0 0 0 0 0 0 0 0 0 0 0 0 0 0 0 0 0 0 0 0 0 0 0 0 0 0 0 0 0 0 0 0 0 0 0 0 0 0 0 0 0 0 0 0 0 0 0 0 0 0 0 0 0 0 0 0 0 0 0 0 0 0 0 0 0 0 0 0 0 0 0 1 0 0 0 0 0 0 0 0 0 0 0 0 0 0 0 1 0 0 0 0 0 0 0 0 0 0 0 0 0 0 0 28 1 0 0 249 27 15 0 1 0 0 0 0 0 0 0 0 0 0 0 2 0 0 0 0 0 3 0 1 0 0 0 0 0 0 0 255 255 255 255 0 0 0 0 0 0 0 0 data 0 oops 0
ciMethodData java/nio/ByteBuffer array ()[B 2 28219 orig 264 88 115 155 81 0 0 0 0 56 137 101 25 0 0 0 0 128 1 0 0 32 0 0 0 0 0 0 0 0 0 0 0 0 0 0 0 0 0 0 0 0 0 0 0 0 0 0 0 0 0 0 0 0 0 0 0 0 0 0 0 0 0 0 0 0 0 0 0 0 0 0 0 0 0 0 0 0 0 0 0 77 68 79 32 101 120 116 114 97 32 100 97 116 97 32 108 111 99 107 0 0 0 0 0 0 0 0 0 0 0 0 0 0 0 0 0 0 0 0 0 0 0 0 0 0 0 0 0 0 0 0 0 0 0 0 0 0 0 0 0 0 0 0 0 0 0 0 0 0 0 0 0 0 0 0 0 0 0 0 0 0 0 0 0 0 0 0 0 0 0 0 0 0 0 0 0 0 0 0 0 0 0 0 0 0 0 0 0 0 0 0 0 0 0 0 0 0 0 0 0 0 0 0 0 0 0 0 0 0 0 0 0 0 0 0 0 89 1 0 0 1 103 3 0 1 0 0 0 0 0 0 0 0 0 0 0 2 0 0 0 0 0 7 0 2 0 0 0 96 0 0 0 255 255 255 255 7 0 4 0 0 0 0 0 data 12 0x40007 0x6ce0 0x30 0x0 0xb0002 0x0 0x130007 0x6ce0 0x30 0x0 0x1a0002 0x0 oops 0
ciMethodData java/nio/CharBuffer array ()[C 2 16866 orig 264 88 115 155 81 0 0 0 0 136 111 105 25 0 0 0 0 128 1 0 0 32 0 0 0 0 0 0 0 0 0 0 0 0 0 0 0 0 0 0 0 0 0 0 0 0 0 0 0 0 0 0 0 0 0 0 0 0 0 0 0 0 0 0 0 0 0 0 0 0 0 0 0 0 0 0 0 0 0 0 0 77 68 79 32 101 120 116 114 97 32 100 97 116 97 32 108 111 99 107 0 0 0 0 0 0 0 0 0 0 0 0 0 0 0 0 0 0 0 0 0 0 0 0 0 0 0 0 0 0 0 0 0 0 0 0 0 0 0 0 0 0 0 0 0 0 0 0 0 0 0 0 0 0 0 0 0 0 0 0 0 0 0 0 0 0 0 0 0 0 0 0 0 0 0 0 0 0 0 0 0 0 0 0 0 0 0 0 0 0 0 0 0 0 0 0 0 0 0 0 0 0 0 0 0 0 0 0 0 0 0 0 0 0 0 0 0 0 2 0 0 17 255 1 0 1 0 0 0 0 0 0 0 0 0 0 0 2 0 0 0 0 0 7 0 2 0 0 0 96 0 0 0 255 255 255 255 7 0 4 0 0 0 0 0 data 12 0x40007 0x3fe2 0x30 0x0 0xb0002 0x0 0x130007 0x3fe2 0x30 0x0 0x1a0002 0x0 oops 0
ciMethodData java/nio/charset/CoderResult malformedForLength (I)Ljava/nio/charset/CoderResult; 1 0 orig 264 88 115 155 81 0 0 0 0 160 173 105 25 0 0 0 0 88 1 0 0 0 0 0 0 0 0 0 0 0 0 0 0 0 0 0 0 0 0 0 0 0 0 0 0 0 0 0 0 0 0 0 0 0 0 0 0 0 0 0 0 0 0 0 0 0 0 0 0 0 0 0 0 0 0 0 0 0 0 0 0 77 68 79 32 101 120 116 114 97 32 100 97 116 97 32 108 111 99 107 0 0 0 0 0 0 0 0 0 0 0 0 0 0 0 0 0 0 0 0 0 0 0 0 0 0 0 0 0 0 0 0 0 0 0 0 0 0 0 0 0 0 0 0 0 0 0 0 0 0 0 0 0 0 0 0 0 0 0 0 0 0 0 0 0 0 0 0 0 0 0 0 0 0 0 0 0 0 0 0 0 0 0 0 0 0 0 0 0 0 0 0 0 0 0 0 0 0 0 0 0 0 0 0 0 0 0 0 0 0 0 0 0 0 0 0 0 0 0 0 0 1 0 0 0 1 0 0 0 0 0 0 0 0 0 0 0 2 0 0 0 0 0 0 0 0 0 0 0 16 0 0 0 255 255 255 255 2 0 4 0 0 0 0 0 data 2 0x40002 0x0 oops 0
ciMethodData java/nio/charset/CoderResult$Cache access$200 (Ljava/nio/charset/CoderResult$Cache;I)Ljava/nio/charset/CoderResult; 1 10 orig 264 88 115 155 81 0 0 0 0 136 189 105 25 0 0 0 0 56 1 0 0 0 0 0 0 0 0 0 0 0 0 0 0 0 0 0 0 0 0 0 0 0 0 0 0 0 0 0 0 0 0 0 0 0 0 0 0 0 0 0 0 0 0 0 0 0 0 0 0 0 0 0 0 0 0 0 0 0 0 0 0 77 68 79 32 101 120 116 114 97 32 100 97 116 97 32 108 111 99 107 0 0 0 0 0 0 0 0 0 0 0 0 0 0 0 0 0 0 0 0 0 0 0 0 0 0 0 0 0 0 0 0 0 0 0 0 0 0 0 0 0 0 0 0 0 0 0 0 0 0 0 0 0 0 0 0 0 0 0 0 0 0 0 0 0 0 0 0 0 0 0 0 0 0 0 0 0 0 0 0 0 0 0 0 0 0 0 0 0 0 0 0 0 0 0 0 0 0 0 0 0 0 0 0 0 0 0 0 0 0 0 0 0 0 0 0 0 0 0 0 0 81 0 0 0 1 0 0 0 0 0 0 0 0 0 0 0 2 0 0 0 0 0 0 0 0 0 0 0 16 0 0 0 255 255 255 255 2 0 2 0 0 0 0 0 data 2 0x20002 0xa oops 0
ciMethodData java/nio/charset/CoderResult$Cache get (I)Ljava/nio/charset/CoderResult; 1 10 orig 264 88 115 155 81 0 0 0 0 88 188 105 25 0 0 0 0 72 3 0 0 56 1 0 0 0 0 0 0 0 0 0 0 0 0 0 0 0 0 0 0 0 0 0 0 0 0 0 0 0 0 0 0 0 0 0 0 0 0 0 0 0 0 0 0 0 0 0 0 0 0 0 0 0 0 0 0 0 0 0 0 77 68 79 32 101 120 116 114 97 32 100 97 116 97 32 108 111 99 107 0 0 0 0 0 0 0 0 0 0 0 0 0 0 0 0 0 0 0 0 0 0 0 0 0 0 0 0 0 0 0 0 0 0 0 0 0 0 0 0 0 0 0 0 0 0 0 0 0 0 0 0 0 0 0 0 0 0 0 0 0 0 0 0 0 0 0 0 0 0 0 0 0 0 0 0 0 0 0 0 0 0 0 0 0 0 0 0 0 0 0 0 0 0 0 0 0 0 0 0 0 0 0 0 0 0 0 0 0 0 0 0 0 0 0 0 0 0 0 0 0 81 0 0 0 1 0 0 0 0 0 0 0 0 0 0 0 2 0 0 0 0 0 0 0 0 0 0 0 248 1 0 0 255 255 255 255 7 0 1 0 0 0 0 0 data 63 0x10007 0xa 0x30 0x0 0xa0002 0x0 0x130002 0xa 0x1e0007 0x9 0x48 0x1 0x260002 0x1 0x2c0003 0x1 0xf8 0x340005 0x0 0x1d149e60 0x9 0x0 0x0 0x390004 0x0 0x1be145a0 0x9 0x0 0x0 0x3e0007 0x0 0x80 0x9 0x420005 0x0 0x1be145a0 0x9 0x0 0x0 0x450004 0x0 0x2060a1d0 0x9 0x0 0x0 0x4c0007 0x9 0x90 0x1 0x510005 0x0 0x1d149f10 0x1 0x0 0x0 0x610002 0x1 0x640005 0x0 0x1d149e60 0x1 0x0 0x0 oops 6 19 java/util/HashMap 25 java/lang/ref/WeakReference 35 java/lang/ref/WeakReference 41 java/nio/charset/CoderResult 51 java/nio/charset/CoderResult$2 59 java/util/HashMap
instanceKlass java/util/concurrent/locks/ReentrantReadWriteLock$Sync$HoldCounter
instanceKlass javax/security/auth/message/config/AuthConfigProvider
instanceKlass com/fasterxml/jackson/databind/jsontype/TypeSerializer
instanceKlass sun/nio/cs/UTF_8$1
instanceKlass org/apache/tomcat/util/net/SSLSupport
instanceKlass org/springframework/web/util/UriComponentsBuilder$1
instanceKlass com/fasterxml/jackson/core/json/DupDetector
instanceKlass org/hibernate/engine/spi/SessionOwner
instanceKlass org/springframework/orm/jpa/ExtendedEntityManagerCreator$1
instanceKlass java/lang/ref/ReferenceQueue$1
instanceKlass org/springframework/http/server/ServletServerHttpResponse$1
instanceKlass sun/util/locale/LocaleExtensions
instanceKlass org/hibernate/Hibernate
instanceKlass org/apache/catalina/core/ApplicationHttpRequest$AttributeNamesEnumerator
instanceKlass ch/qos/logback/classic/spi/ClassPackagingData
instanceKlass ch/qos/logback/classic/spi/STEUtil
instanceKlass ch/qos/logback/classic/spi/PackagingDataCalculator
instanceKlass ch/qos/logback/classic/spi/StackTraceElementProxy
instanceKlass ch/qos/logback/classic/spi/ThrowableProxyUtil
instanceKlass ch/qos/logback/classic/spi/ThrowableProxy
instanceKlass org/springframework/web/bind/annotation/ExceptionHandler
instanceKlass org/springframework/web/method/annotation/ExceptionHandlerMethodResolver$$Lambda$780
instanceKlass org/springframework/web/method/annotation/ExceptionHandlerMethodResolver
instanceKlass com/fasterxml/jackson/databind/JsonMappingException$Reference
instanceKlass com/fasterxml/jackson/databind/ser/std/NumberSerializer$1
instanceKlass com/fasterxml/jackson/databind/introspect/AnnotationCollector$OneAnnotation
instanceKlass org/hibernate/engine/internal/EntityEntryContext$ImmutableManagedEntityHolder
instanceKlass org/hibernate/engine/jdbc/batch/internal/AbstractBatchImpl
instanceKlass org/hibernate/jmx/internal/DisabledJmxServiceImpl
instanceKlass org/hibernate/engine/jdbc/batch/spi/Batch
instanceKlass org/hibernate/engine/jdbc/batch/internal/BatchBuilderImpl
instanceKlass org/hibernate/engine/jdbc/batch/internal/BatchBuilderMXBean
instanceKlass org/hibernate/engine/jdbc/batch/internal/BasicBatchKey
instanceKlass org/hibernate/engine/internal/EntityEntryExtraStateHolder
instanceKlass org/hibernate/internal/util/collections/IdentitySet
instanceKlass org/slf4j/Marker
instanceKlass org/hibernate/engine/internal/JoinSequence$Join
instanceKlass org/hibernate/query/criteria/internal/QueryStructure$2
instanceKlass org/hibernate/event/spi/LoadEventListener$LoadType
instanceKlass org/hibernate/loader/plan/exec/process/internal/HydratedEntityRegistration
instanceKlass org/hibernate/loader/plan/exec/process/internal/ResultSetProcessingContextImpl$1
instanceKlass org/hibernate/loader/plan/exec/process/spi/ResultSetProcessingContext$EntityReferenceProcessingState
instanceKlass org/hibernate/loader/plan/exec/process/internal/ResultSetProcessingContextImpl
instanceKlass org/hibernate/engine/loading/internal/LoadingCollectionEntry
instanceKlass org/hibernate/engine/loading/internal/CollectionLoadContext
instanceKlass org/hibernate/loader/plan/exec/internal/AbstractLoadPlanBasedLoader$1
instanceKlass org/hibernate/loader/plan/exec/internal/AbstractLoadPlanBasedLoader$SqlStatementWrapper
instanceKlass org/hibernate/collection/internal/AbstractPersistentCollection$4
instanceKlass org/hibernate/collection/internal/AbstractPersistentCollection$1
instanceKlass org/hibernate/engine/loading/internal/LoadContexts
instanceKlass org/hibernate/engine/internal/TwoPhaseLoad
instanceKlass org/hibernate/type/descriptor/sql/BasicExtractor
instanceKlass com/fasterxml/jackson/databind/ser/impl/PropertySerializerMap$TypeAndSerializer
instanceKlass com/fasterxml/jackson/databind/ser/impl/PropertySerializerMap$SerializerAndMapResult
instanceKlass com/fasterxml/jackson/databind/ser/std/StdKeySerializers
instanceKlass org/springframework/http/ResponseEntity$BodyBuilder
instanceKlass org/springframework/http/ResponseEntity$HeadersBuilder
instanceKlass org/springframework/web/bind/annotation/RequestAttribute
instanceKlass org/springframework/web/bind/annotation/SessionAttribute
instanceKlass org/springframework/web/bind/annotation/CookieValue
instanceKlass org/springframework/web/servlet/mvc/condition/HeadersRequestCondition$$Lambda$779
instanceKlass java/util/stream/ReduceOps$8ReducingSink
instanceKlass java/util/stream/Sink$OfLong
instanceKlass java/util/function/LongConsumer
instanceKlass java/util/stream/LongPipeline$$Lambda$778
instanceKlass java/util/function/LongBinaryOperator
instanceKlass java/lang/invoke/LambdaForm$DMH
instanceKlass java/util/stream/ReferencePipeline$$Lambda$777
instanceKlass org/springframework/web/servlet/mvc/condition/ParamsRequestCondition$$Lambda$776
instanceKlass org/springframework/web/servlet/mvc/condition/AbstractNameValueExpression
instanceKlass org/springframework/web/servlet/mvc/condition/NameValueExpression
instanceKlass javax/servlet/ServletRequestWrapper
instanceKlass org/apache/catalina/core/ApplicationDispatcher$State
instanceKlass org/apache/catalina/core/ApplicationMapping$MappingImpl
instanceKlass org/apache/catalina/core/ApplicationMapping$1
instanceKlass org/apache/catalina/core/ApplicationContext$DispatchData
instanceKlass org/springframework/web/servlet/mvc/LastModified
instanceKlass org/springframework/util/AntPathMatcher$AntPatternComparator$PatternInfo
instanceKlass org/springframework/web/servlet/mvc/method/RequestMappingInfoHandlerMapping$PartialMatchHelper
instanceKlass org/springframework/web/servlet/mvc/condition/ProducesRequestCondition$$Lambda$775
instanceKlass org/apache/tomcat/util/buf/HexUtils
instanceKlass com/fasterxml/jackson/core/io/NumberOutput
instanceKlass com/fasterxml/jackson/core/io/JsonStringEncoder
instanceKlass com/fasterxml/jackson/databind/ObjectWriter$Prefetch
instanceKlass com/fasterxml/jackson/databind/ObjectWriter$GeneratorSettings
instanceKlass com/fasterxml/jackson/core/util/MinimalPrettyPrinter
instanceKlass org/springframework/util/TypeUtils
instanceKlass org/apache/tomcat/util/http/parser/MediaType
instanceKlass org/springframework/http/StreamingHttpOutputMessage
instanceKlass org/springframework/http/converter/json/MappingJacksonValue
instanceKlass org/springframework/web/servlet/mvc/method/annotation/AbstractMessageConverterMethodProcessor$$Lambda$774
instanceKlass com/fasterxml/jackson/databind/ser/std/NumberSerializers$1
instanceKlass com/fasterxml/jackson/databind/ser/impl/FilteredBeanPropertyWriter
instanceKlass com/fasterxml/jackson/annotation/JsonFilter
instanceKlass com/fasterxml/jackson/databind/annotation/JsonAppend
instanceKlass com/fasterxml/jackson/databind/ser/PropertyBuilder$1
instanceKlass com/fasterxml/jackson/databind/BeanProperty$Std
instanceKlass com/fasterxml/jackson/annotation/JsonTypeId
instanceKlass com/fasterxml/jackson/databind/introspect/POJOPropertyBuilder$3
instanceKlass com/fasterxml/jackson/annotation/JsonInclude
instanceKlass com/fasterxml/jackson/databind/ser/PropertyBuilder
instanceKlass com/fasterxml/jackson/databind/ser/BeanSerializerBuilder
instanceKlass java/util/stream/DoubleStream
instanceKlass java/util/stream/LongStream
instanceKlass java/math/BigDecimal$StringBuilderHelper
instanceKlass org/hibernate/collection/internal/AbstractPersistentCollection$IteratorProxy
instanceKlass org/hibernate/engine/spi/CollectionKey
instanceKlass org/hibernate/engine/spi/BatchFetchQueue
instanceKlass com/mysql/cj/util/TimeUtil
instanceKlass org/hibernate/jdbc/Expectations$BasicExpectation
instanceKlass org/hibernate/jdbc/Expectations$1
instanceKlass org/hibernate/jdbc/Expectation
instanceKlass org/hibernate/jdbc/Expectations
instanceKlass org/hibernate/validator/internal/engine/ValidationContext$1
instanceKlass org/hibernate/validator/internal/engine/ValidationContext$ValidationContextBuilder
instanceKlass javax/validation/MessageInterpolator$Context
instanceKlass org/hibernate/validator/internal/engine/ValidationContext
instanceKlass org/hibernate/validator/internal/engine/resolver/CachingTraversableResolverForSingleValidation
